D:\GITHUB\PROJECT NEBULA\DEBUG\PROJECT NEBULA.EXE
D:\GITHUB\PROJECT NEBULA\DEBUG\PROJECT NEBULA.ILK
D:\GITHUB\PROJECT NEBULA\DEBUG\PROJECT NEBULA.PDB
D:\GITHUB\PROJECT NEBULA\TEMPFILES\CAMERA.OBJ
D:\GitHub\Project Nebula\TempFiles\cl.command.1.tlog
D:\GitHub\Project Nebula\TempFiles\CL.read.1.tlog
D:\GitHub\Project Nebula\TempFiles\CL.write.1.tlog
D:\GITHUB\PROJECT NEBULA\TEMPFILES\GLWINDOW.OBJ
D:\GITHUB\PROJECT NEBULA\TEMPFILES\GLWINDOW_MOC.OBJ
D:\GitHub\Project Nebula\TempFiles\link.10180.read.1.tlog
D:\GitHub\Project Nebula\TempFiles\link.10180.write.1.tlog
D:\GitHub\Project Nebula\TempFiles\link.10180-cvtres.read.1.tlog
D:\GitHub\Project Nebula\TempFiles\link.10180-cvtres.write.1.tlog
D:\GitHub\Project Nebula\TempFiles\link.command.1.tlog
D:\GitHub\Project Nebula\TempFiles\link.read.1.tlog
D:\GitHub\Project Nebula\TempFiles\link.write.1.tlog
D:\GitHub\Project Nebula\TempFiles\link-cvtres.read.1.tlog
D:\GitHub\Project Nebula\TempFiles\link-cvtres.write.1.tlog
D:\GITHUB\PROJECT NEBULA\TEMPFILES\MESHGENERATOR.OBJ
D:\GitHub\Project Nebula\TempFiles\mt.command.1.tlog
D:\GitHub\Project Nebula\TempFiles\mt.read.1.tlog
D:\GitHub\Project Nebula\TempFiles\mt.write.1.tlog
D:\GITHUB\PROJECT NEBULA\TEMPFILES\PROJECT NEBULA.EXE.EMBED.MANIFEST
D:\GITHUB\PROJECT NEBULA\TEMPFILES\PROJECT NEBULA.EXE.EMBED.MANIFEST.RES
D:\GITHUB\PROJECT NEBULA\TEMPFILES\PROJECT NEBULA.EXE.INTERMEDIATE.MANIFEST
D:\GITHUB\PROJECT NEBULA\TEMPFILES\PROJECT NEBULA.OBJ
D:\GitHub\Project Nebula\TempFiles\Project Nebula.write.1.tlog
D:\GitHub\Project Nebula\TempFiles\Project Nebula_manifest.rc
D:\GitHub\Project Nebula\TempFiles\rc.command.1.tlog
D:\GitHub\Project Nebula\TempFiles\rc.read.1.tlog
D:\GitHub\Project Nebula\TempFiles\rc.write.1.tlog
D:\GitHub\Project Nebula\TempFiles\vc100.idb
D:\GITHUB\PROJECT NEBULA\TEMPFILES\VC100.PDB
